TN:
SF:/home/sims01/D-0/checkpoints/checkpoint-1/inverted-index/src/inverted-index-app/InvertedIndex.js
FN:11,(anonymous_1)
FN:21,(anonymous_2)
FN:40,(anonymous_3)
FN:54,(anonymous_4)
FN:67,(anonymous_5)
FN:79,(anonymous_6)
FN:100,(anonymous_7)
FN:115,(anonymous_8)
FNF:8
FNH:8
FNDA:1,(anonymous_1)
FNDA:14,(anonymous_2)
FNDA:8,(anonymous_3)
FNDA:9,(anonymous_4)
FNDA:9,(anonymous_5)
FNDA:3,(anonymous_6)
FNDA:24,(anonymous_7)
FNDA:2,(anonymous_8)
DA:12,1
DA:22,14
DA:23,11
DA:24,8
DA:25,1
DA:27,7
DA:30,6
DA:41,8
DA:42,8
DA:43,6
DA:45,2
DA:55,9
DA:68,9
DA:69,42
DA:80,3
DA:81,3
DA:82,3
DA:83,5
DA:84,5
DA:85,5
DA:86,24
DA:89,3
DA:101,24
DA:102,7
DA:104,17
DA:116,2
DA:117,2
DA:118,2
DA:120,2
DA:121,2
DA:122,2
DA:123,25
DA:124,2
DA:125,2
DA:129,2
LF:35
LH:35
BRDA:22,1,0,11
BRDA:22,1,1,3
BRDA:22,2,0,14
BRDA:22,2,1,12
BRDA:22,2,2,12
BRDA:23,3,0,8
BRDA:23,3,1,3
BRDA:23,4,0,11
BRDA:23,4,1,8
BRDA:24,5,0,1
BRDA:24,5,1,7
BRDA:42,6,0,6
BRDA:42,6,1,2
BRDA:101,7,0,7
BRDA:101,7,1,17
BRDA:123,8,0,2
BRDA:123,8,1,23
BRF:17
BRH:17
end_of_record
